2025-03-19 12:37:59,011 - __main__ - INFO - 로깅 시작 (레벨: INFO)
2025-03-19 12:37:59,012 - __main__ - INFO - 로그 파일: C:\Users\USER\BlueAI\logs\blueai_20250319_123759.log
2025-03-19 12:37:59,033 - __main__ - INFO - 시스템 초기화 중...
2025-03-19 12:37:59,034 - __main__ - INFO - 설정 관리자 초기화 중...
2025-03-19 12:37:59,035 - core.settings_manager - INFO - 설정 로드됨: C:\Users\USER\BlueAI\config\settings.json
2025-03-19 12:37:59,035 - __main__ - INFO - 플러그인 관리자 초기화 중... (디렉토리: plugins)
2025-03-19 12:37:59,036 - __main__ - INFO - 플러그인 로드 중...
2025-03-19 12:37:59,041 - core.plugin_manager - WARNING - 플러그인 클래스를 찾을 수 없음: plugins.automation.opencv_plugin
2025-03-19 12:37:59,160 - core.plugin_manager - INFO - 플러그인 클래스 로드됨: PlaywrightPlugin from plugins.automation.playwright_plugin
2025-03-19 12:37:59,594 - core.plugin_manager - INFO - 플러그인 클래스 로드됨: PyAutoGUIPlugin from plugins.automation.pyautogui_plugin
2025-03-19 12:37:59,596 - core.plugin_manager - WARNING - 플러그인 클래스를 찾을 수 없음: plugins.interruption.ad_blocker_plugin
2025-03-19 12:37:59,597 - core.plugin_manager - WARNING - 플러그인 클래스를 찾을 수 없음: plugins.interruption.cookie_handler_plugin
2025-03-19 12:37:59,598 - core.plugin_manager - INFO - 플러그인 클래스 로드됨: PopupHandlerPlugin from plugins.interruption.popup_handler_plugin
2025-03-19 12:38:00,011 - core.plugin_manager - INFO - 플러그인 클래스 로드됨: OCRPlugin from plugins.recognition.ocr_plugin
2025-03-19 12:38:00,013 - core.plugin_manager - WARNING - 플러그인 클래스를 찾을 수 없음: plugins.recognition.selector_plugin
2025-03-19 12:38:00,015 - core.plugin_manager - INFO - 플러그인 클래스 로드됨: TemplateMatchingPlugin from plugins.recognition.template_matching_plugin
2025-03-19 12:38:00,015 - core.plugin_manager - INFO - 로드된 플러그인: ['playwright', 'pyautogui', 'popup_handler', 'ocr', 'template_matching']
2025-03-19 12:38:00,016 - __main__ - INFO - 로드된 플러그인: ['playwright', 'pyautogui', 'popup_handler', 'ocr', 'template_matching']
2025-03-19 12:38:00,017 - __main__ - INFO - 플러그인 초기화 중...
2025-03-19 12:38:00,019 - plugins.automation.playwright_plugin - INFO - Playwright 초기화됨
2025-03-19 12:38:00,020 - core.plugin_manager - INFO - 플러그인 초기화 완료: playwright
2025-03-19 12:38:00,021 - plugins.automation.pyautogui_plugin - INFO - 화면 크기: 1920x1080
2025-03-19 12:38:00,021 - core.plugin_manager - INFO - 플러그인 초기화 완료: pyautogui
2025-03-19 12:38:00,023 - plugins.interruption.popup_handler_plugin - INFO - 팝업 처리기 초기화 완료: 0 패턴 로드됨
2025-03-19 12:38:00,023 - core.plugin_manager - INFO - 플러그인 초기화 완료: popup_handler
2025-03-19 12:38:00,094 - plugins.recognition.ocr_plugin - INFO - Tesseract OCR 버전: 5.5.0.20241111
2025-03-19 12:38:00,095 - core.plugin_manager - INFO - 플러그인 초기화 완료: ocr
2025-03-19 12:38:00,095 - plugins.recognition.template_matching_plugin - INFO - OpenCV 버전: 4.10.0
2025-03-19 12:38:00,096 - core.plugin_manager - INFO - 플러그인 초기화 완료: template_matching
2025-03-19 12:38:00,096 - __main__ - INFO - 플러그인 초기화 성공: playwright
2025-03-19 12:38:00,096 - __main__ - INFO - 플러그인 초기화 성공: pyautogui
2025-03-19 12:38:00,096 - __main__ - INFO - 플러그인 초기화 성공: popup_handler
2025-03-19 12:38:00,096 - __main__ - INFO - 플러그인 초기화 성공: ocr
2025-03-19 12:38:00,097 - __main__ - INFO - 플러그인 초기화 성공: template_matching
2025-03-19 12:38:00,097 - __main__ - INFO - 워크플로우 관리자 초기화 중...
2025-03-19 12:38:00,097 - __main__ - INFO - 인터럽션 핸들러 초기화 중...
2025-03-19 12:38:00,098 - core.interruption_handler - INFO - 규칙 파일이 존재하지 않음: C:\Users\USER\BlueAI\config\interruption_rules.json
2025-03-19 12:38:00,098 - __main__ - INFO - GUI 모드 시작
2025-03-19 12:38:00,779 - ui.main_window - INFO - 메인 윈도우 초기화 완료
2025-03-19 12:38:10,938 - core.workflow_manager - INFO - 체크포인트 저장됨: C:\Users\USER\BlueAI\checkpoints\9da04ee6-469c-4e63-b357-437cde91467f_20250319_123810.json
2025-03-19 12:38:10,938 - plugins.automation.playwright_plugin - ERROR - 브라우저 시작 중 오류: 'PlaywrightPlugin' object has no attribute '_create_direct_browser'
2025-03-19 12:38:10,941 - plugins.automation.playwright_plugin - ERROR - Traceback (most recent call last):
  File "C:\Users\USER\blueai_client_ver2\plugins\automation\playwright_plugin.py", line 307, in launch_browser
    browser = self._create_direct_browser()
              ^^^^^^^^^^^^^^^^^^^^^^^^^^^
AttributeError: 'PlaywrightPlugin' object has no attribute '_create_direct_browser'

2025-03-19 12:38:10,942 - plugins.automation.playwright_plugin - ERROR - 액션 실행 중 오류: launch_browser - 'PlaywrightPlugin' object has no attribute '_create_direct_browser'
2025-03-19 12:38:10,943 - core.plugin_manager - ERROR - 플러그인 실행 중 오류: automation.playwright.launch_browser - 'PlaywrightPlugin' object has no attribute '_create_direct_browser'
2025-03-19 12:38:10,943 - core.workflow_manager - INFO - 단계 재시도 중: 브라우저 시작 (시도 1/3)
2025-03-19 12:38:12,944 - plugins.automation.playwright_plugin - ERROR - 브라우저 시작 중 오류: 'PlaywrightPlugin' object has no attribute '_create_direct_browser'
2025-03-19 12:38:12,946 - plugins.automation.playwright_plugin - ERROR - Traceback (most recent call last):
  File "C:\Users\USER\blueai_client_ver2\plugins\automation\playwright_plugin.py", line 307, in launch_browser
    browser = self._create_direct_browser()
              ^^^^^^^^^^^^^^^^^^^^^^^^^^^
AttributeError: 'PlaywrightPlugin' object has no attribute '_create_direct_browser'

2025-03-19 12:38:12,946 - plugins.automation.playwright_plugin - ERROR - 액션 실행 중 오류: launch_browser - 'PlaywrightPlugin' object has no attribute '_create_direct_browser'
2025-03-19 12:38:12,947 - core.plugin_manager - ERROR - 플러그인 실행 중 오류: automation.playwright.launch_browser - 'PlaywrightPlugin' object has no attribute '_create_direct_browser'
2025-03-19 12:38:12,947 - core.workflow_manager - INFO - 단계 재시도 중: 브라우저 시작 (시도 2/3)
2025-03-19 12:38:14,948 - plugins.automation.playwright_plugin - ERROR - 브라우저 시작 중 오류: 'PlaywrightPlugin' object has no attribute '_create_direct_browser'
2025-03-19 12:38:14,950 - plugins.automation.playwright_plugin - ERROR - Traceback (most recent call last):
  File "C:\Users\USER\blueai_client_ver2\plugins\automation\playwright_plugin.py", line 307, in launch_browser
    browser = self._create_direct_browser()
              ^^^^^^^^^^^^^^^^^^^^^^^^^^^
AttributeError: 'PlaywrightPlugin' object has no attribute '_create_direct_browser'

2025-03-19 12:38:14,952 - plugins.automation.playwright_plugin - ERROR - 액션 실행 중 오류: launch_browser - 'PlaywrightPlugin' object has no attribute '_create_direct_browser'
2025-03-19 12:38:14,952 - core.plugin_manager - ERROR - 플러그인 실행 중 오류: automation.playwright.launch_browser - 'PlaywrightPlugin' object has no attribute '_create_direct_browser'
2025-03-19 12:38:14,953 - core.workflow_manager - INFO - 단계 재시도 중: 브라우저 시작 (시도 3/3)
2025-03-19 12:38:16,954 - plugins.automation.playwright_plugin - ERROR - 브라우저 시작 중 오류: 'PlaywrightPlugin' object has no attribute '_create_direct_browser'
2025-03-19 12:38:16,956 - plugins.automation.playwright_plugin - ERROR - Traceback (most recent call last):
  File "C:\Users\USER\blueai_client_ver2\plugins\automation\playwright_plugin.py", line 307, in launch_browser
    browser = self._create_direct_browser()
              ^^^^^^^^^^^^^^^^^^^^^^^^^^^
AttributeError: 'PlaywrightPlugin' object has no attribute '_create_direct_browser'

2025-03-19 12:38:16,957 - plugins.automation.playwright_plugin - ERROR - 액션 실행 중 오류: launch_browser - 'PlaywrightPlugin' object has no attribute '_create_direct_browser'
2025-03-19 12:38:16,957 - core.plugin_manager - ERROR - 플러그인 실행 중 오류: automation.playwright.launch_browser - 'PlaywrightPlugin' object has no attribute '_create_direct_browser'
2025-03-19 12:38:16,959 - core.workflow_manager - INFO - 체크포인트 저장됨: C:\Users\USER\BlueAI\checkpoints\9da04ee6-469c-4e63-b357-437cde91467f_20250319_123816.json
2025-03-19 12:38:16,959 - plugins.automation.playwright_plugin - ERROR - 브라우저 시작 중 오류: 'PlaywrightPlugin' object has no attribute '_create_direct_browser'
2025-03-19 12:38:16,961 - plugins.automation.playwright_plugin - ERROR - Traceback (most recent call last):
  File "C:\Users\USER\blueai_client_ver2\plugins\automation\playwright_plugin.py", line 307, in launch_browser
    browser = self._create_direct_browser()
              ^^^^^^^^^^^^^^^^^^^^^^^^^^^
AttributeError: 'PlaywrightPlugin' object has no attribute '_create_direct_browser'

2025-03-19 12:38:16,962 - plugins.automation.playwright_plugin - ERROR - 액션 실행 중 오류: launch_browser - 'PlaywrightPlugin' object has no attribute '_create_direct_browser'
2025-03-19 12:38:16,963 - core.plugin_manager - ERROR - 플러그인 실행 중 오류: automation.playwright.launch_browser - 'PlaywrightPlugin' object has no attribute '_create_direct_browser'
2025-03-19 12:38:16,963 - core.workflow_manager - INFO - 단계 재시도 중: 브라우저 시작 (시도 1/3)
2025-03-19 12:38:18,964 - plugins.automation.playwright_plugin - ERROR - 브라우저 시작 중 오류: 'PlaywrightPlugin' object has no attribute '_create_direct_browser'
2025-03-19 12:38:18,966 - plugins.automation.playwright_plugin - ERROR - Traceback (most recent call last):
  File "C:\Users\USER\blueai_client_ver2\plugins\automation\playwright_plugin.py", line 307, in launch_browser
    browser = self._create_direct_browser()
              ^^^^^^^^^^^^^^^^^^^^^^^^^^^
AttributeError: 'PlaywrightPlugin' object has no attribute '_create_direct_browser'

2025-03-19 12:38:18,967 - plugins.automation.playwright_plugin - ERROR - 액션 실행 중 오류: launch_browser - 'PlaywrightPlugin' object has no attribute '_create_direct_browser'
2025-03-19 12:38:18,968 - core.plugin_manager - ERROR - 플러그인 실행 중 오류: automation.playwright.launch_browser - 'PlaywrightPlugin' object has no attribute '_create_direct_browser'
2025-03-19 12:38:18,968 - core.workflow_manager - INFO - 단계 재시도 중: 브라우저 시작 (시도 2/3)
2025-03-19 12:38:20,969 - plugins.automation.playwright_plugin - ERROR - 브라우저 시작 중 오류: 'PlaywrightPlugin' object has no attribute '_create_direct_browser'
2025-03-19 12:38:20,973 - plugins.automation.playwright_plugin - ERROR - Traceback (most recent call last):
  File "C:\Users\USER\blueai_client_ver2\plugins\automation\playwright_plugin.py", line 307, in launch_browser
    browser = self._create_direct_browser()
              ^^^^^^^^^^^^^^^^^^^^^^^^^^^
AttributeError: 'PlaywrightPlugin' object has no attribute '_create_direct_browser'

2025-03-19 12:38:20,974 - plugins.automation.playwright_plugin - ERROR - 액션 실행 중 오류: launch_browser - 'PlaywrightPlugin' object has no attribute '_create_direct_browser'
2025-03-19 12:38:20,975 - core.plugin_manager - ERROR - 플러그인 실행 중 오류: automation.playwright.launch_browser - 'PlaywrightPlugin' object has no attribute '_create_direct_browser'
2025-03-19 12:38:20,975 - core.workflow_manager - INFO - 단계 재시도 중: 브라우저 시작 (시도 3/3)
2025-03-19 12:38:21,203 - core.workflow_manager - INFO - 체크포인트 저장됨: C:\Users\USER\BlueAI\checkpoints\9da04ee6-469c-4e63-b357-437cde91467f_20250319_123821.json
2025-03-19 12:38:21,203 - core.workflow_manager - INFO - 워크플로우 관리자 종료됨
2025-03-19 12:38:21,204 - plugins.automation.playwright_plugin - INFO - Playwright 종료됨
2025-03-19 12:38:21,204 - core.plugin_manager - INFO - 플러그인 종료됨: automation.playwright
2025-03-19 12:38:21,204 - core.plugin_manager - INFO - 플러그인 종료됨: automation.pyautogui
2025-03-19 12:38:21,205 - core.plugin_manager - INFO - 플러그인 종료됨: interruption.popup_handler
2025-03-19 12:38:21,205 - core.plugin_manager - INFO - 플러그인 종료됨: recognition.ocr
2025-03-19 12:38:21,205 - core.plugin_manager - INFO - 플러그인 종료됨: recognition.template_matching
2025-03-19 12:38:21,206 - core.settings_manager - INFO - 설정 저장됨: C:\Users\USER\BlueAI\config\settings.json
2025-03-19 12:38:21,206 - ui.main_window - INFO - 애플리케이션 종료됨
