2025-03-19 11:01:21,909 - __main__ - INFO - 로깅 시작 (레벨: INFO)
2025-03-19 11:01:21,909 - __main__ - INFO - 로그 파일: C:\Users\USER\BlueAI\logs\blueai_20250319_110121.log
2025-03-19 11:01:21,931 - __main__ - INFO - 시스템 초기화 중...
2025-03-19 11:01:21,932 - __main__ - INFO - 설정 관리자 초기화 중...
2025-03-19 11:01:21,933 - core.settings_manager - INFO - 설정 로드됨: C:\Users\USER\BlueAI\config\settings.json
2025-03-19 11:01:21,933 - __main__ - INFO - 플러그인 관리자 초기화 중... (디렉토리: plugins)
2025-03-19 11:01:21,934 - __main__ - INFO - 플러그인 로드 중...
2025-03-19 11:01:21,944 - core.plugin_manager - WARNING - 플러그인 클래스를 찾을 수 없음: plugins.automation.opencv_plugin
2025-03-19 11:01:22,064 - core.plugin_manager - INFO - 플러그인 클래스 로드됨: PlaywrightPlugin from plugins.automation.playwright_plugin
2025-03-19 11:01:22,470 - core.plugin_manager - INFO - 플러그인 클래스 로드됨: PyAutoGUIPlugin from plugins.automation.pyautogui_plugin
2025-03-19 11:01:22,472 - core.plugin_manager - WARNING - 플러그인 클래스를 찾을 수 없음: plugins.interruption.ad_blocker_plugin
2025-03-19 11:01:22,473 - core.plugin_manager - WARNING - 플러그인 클래스를 찾을 수 없음: plugins.interruption.cookie_handler_plugin
2025-03-19 11:01:22,475 - core.plugin_manager - INFO - 플러그인 클래스 로드됨: PopupHandlerPlugin from plugins.interruption.popup_handler_plugin
2025-03-19 11:01:22,856 - core.plugin_manager - INFO - 플러그인 클래스 로드됨: OCRPlugin from plugins.recognition.ocr_plugin
2025-03-19 11:01:22,857 - core.plugin_manager - WARNING - 플러그인 클래스를 찾을 수 없음: plugins.recognition.selector_plugin
2025-03-19 11:01:22,858 - core.plugin_manager - INFO - 플러그인 클래스 로드됨: TemplateMatchingPlugin from plugins.recognition.template_matching_plugin
2025-03-19 11:01:22,859 - core.plugin_manager - INFO - 로드된 플러그인: ['playwright', 'pyautogui', 'popup_handler', 'ocr', 'template_matching']
2025-03-19 11:01:22,859 - __main__ - INFO - 로드된 플러그인: ['playwright', 'pyautogui', 'popup_handler', 'ocr', 'template_matching']
2025-03-19 11:01:22,860 - __main__ - INFO - 플러그인 초기화 중...
2025-03-19 11:01:23,508 - plugins.automation.playwright_plugin - INFO - Playwright 초기화됨
2025-03-19 11:01:23,509 - core.plugin_manager - INFO - 플러그인 초기화 완료: playwright
2025-03-19 11:01:23,510 - plugins.automation.pyautogui_plugin - INFO - 화면 크기: 1920x1080
2025-03-19 11:01:23,511 - core.plugin_manager - INFO - 플러그인 초기화 완료: pyautogui
2025-03-19 11:01:23,512 - plugins.interruption.popup_handler_plugin - INFO - 팝업 처리기 초기화 완료: 0 패턴 로드됨
2025-03-19 11:01:23,513 - core.plugin_manager - INFO - 플러그인 초기화 완료: popup_handler
2025-03-19 11:01:23,544 - plugins.recognition.ocr_plugin - INFO - Tesseract OCR 버전: 5.5.0.20241111
2025-03-19 11:01:23,545 - core.plugin_manager - INFO - 플러그인 초기화 완료: ocr
2025-03-19 11:01:23,545 - plugins.recognition.template_matching_plugin - INFO - OpenCV 버전: 4.10.0
2025-03-19 11:01:23,546 - core.plugin_manager - INFO - 플러그인 초기화 완료: template_matching
2025-03-19 11:01:23,546 - __main__ - INFO - 플러그인 초기화 성공: playwright
2025-03-19 11:01:23,546 - __main__ - INFO - 플러그인 초기화 성공: pyautogui
2025-03-19 11:01:23,546 - __main__ - INFO - 플러그인 초기화 성공: popup_handler
2025-03-19 11:01:23,546 - __main__ - INFO - 플러그인 초기화 성공: ocr
2025-03-19 11:01:23,546 - __main__ - INFO - 플러그인 초기화 성공: template_matching
2025-03-19 11:01:23,546 - __main__ - INFO - 워크플로우 관리자 초기화 중...
2025-03-19 11:01:23,548 - __main__ - INFO - 인터럽션 핸들러 초기화 중...
2025-03-19 11:01:23,549 - core.interruption_handler - INFO - 규칙 파일이 존재하지 않음: C:\Users\USER\BlueAI\config\interruption_rules.json
2025-03-19 11:01:23,549 - __main__ - INFO - GUI 모드 시작
2025-03-19 11:01:24,162 - ui.main_window - INFO - 메인 윈도우 초기화 완료
2025-03-19 11:01:30,467 - core.workflow_manager - INFO - 체크포인트 저장됨: C:\Users\USER\BlueAI\checkpoints\705c1909-b1de-4bdb-91f7-528c53e3df16_20250319_110130.json
2025-03-19 11:01:30,723 - plugins.automation.playwright_plugin - INFO - 브라우저 시작됨: chromium (headless: False)
2025-03-19 11:01:30,729 - core.workflow_manager - INFO - 체크포인트 저장됨: C:\Users\USER\BlueAI\checkpoints\705c1909-b1de-4bdb-91f7-528c53e3df16_20250319_110130.json
2025-03-19 11:01:31,785 - core.workflow_manager - INFO - 체크포인트 저장됨: C:\Users\USER\BlueAI\checkpoints\705c1909-b1de-4bdb-91f7-528c53e3df16_20250319_110131.json
2025-03-19 11:01:31,785 - plugins.automation.playwright_plugin - INFO - goto 호출됨, 현재 페이지 ID: page_1742349691
2025-03-19 11:01:31,787 - plugins.automation.playwright_plugin - INFO - 사용 가능한 페이지 ID 목록: []
2025-03-19 11:01:31,787 - plugins.automation.playwright_plugin - INFO - 사용할 페이지 ID: page_1742349691
2025-03-19 11:01:31,787 - plugins.automation.playwright_plugin - INFO - 페이지 ID page_1742349691를 찾을 수 없어 새 페이지를 생성합니다
2025-03-19 11:01:32,829 - plugins.automation.playwright_plugin - INFO - 새 페이지 ID: page_1742349692
2025-03-19 11:01:32,830 - plugins.automation.playwright_plugin - WARNING - 페이지 ID 'page_1742349692'를 여전히 찾을 수 없습니다. 간단한 복구 시도...
2025-03-19 11:01:32,830 - plugins.automation.playwright_plugin - ERROR - 페이지 ID 'page_1742349692'를 찾을 수 없습니다. 사용 가능한 페이지: []
2025-03-19 11:01:32,831 - plugins.automation.playwright_plugin - ERROR - 액션 실행 중 오류: goto - 페이지 ID 'page_1742349692'를 찾을 수 없습니다. 사용 가능한 페이지: []
2025-03-19 11:01:32,831 - core.plugin_manager - ERROR - 플러그인 실행 중 오류: automation.playwright.goto - 페이지 ID 'page_1742349692'를 찾을 수 없습니다. 사용 가능한 페이지: []
2025-03-19 11:01:32,832 - core.workflow_manager - INFO - 단계 재시도 중: 구글 접속 (시도 1/3)
2025-03-19 11:01:34,833 - plugins.automation.playwright_plugin - INFO - goto 호출됨, 현재 페이지 ID: page_1742349692
2025-03-19 11:01:34,833 - plugins.automation.playwright_plugin - INFO - 사용 가능한 페이지 ID 목록: []
2025-03-19 11:01:34,834 - plugins.automation.playwright_plugin - INFO - 사용할 페이지 ID: page_1742349692
2025-03-19 11:01:34,834 - plugins.automation.playwright_plugin - INFO - 페이지 ID page_1742349692를 찾을 수 없어 새 페이지를 생성합니다
2025-03-19 11:01:35,208 - core.workflow_manager - INFO - 체크포인트 저장됨: C:\Users\USER\BlueAI\checkpoints\705c1909-b1de-4bdb-91f7-528c53e3df16_20250319_110135.json
2025-03-19 11:01:35,209 - core.workflow_manager - INFO - 워크플로우 관리자 종료됨
2025-03-19 11:01:35,381 - plugins.automation.playwright_plugin - INFO - Playwright 종료됨
2025-03-19 11:01:35,381 - core.plugin_manager - INFO - 플러그인 종료됨: automation.playwright
2025-03-19 11:01:35,382 - core.plugin_manager - INFO - 플러그인 종료됨: automation.pyautogui
2025-03-19 11:01:35,382 - core.plugin_manager - INFO - 플러그인 종료됨: interruption.popup_handler
2025-03-19 11:01:35,382 - core.plugin_manager - INFO - 플러그인 종료됨: recognition.ocr
2025-03-19 11:01:35,383 - core.plugin_manager - INFO - 플러그인 종료됨: recognition.template_matching
2025-03-19 11:01:35,383 - core.settings_manager - INFO - 설정 저장됨: C:\Users\USER\BlueAI\config\settings.json
2025-03-19 11:01:35,384 - ui.main_window - INFO - 애플리케이션 종료됨
2025-03-19 11:01:35,415 - __main__ - INFO - 모든 플러그인이 종료되었습니다.
