2025-03-19 10:51:57,878 - __main__ - INFO - 로깅 시작 (레벨: INFO)
2025-03-19 10:51:57,878 - __main__ - INFO - 로그 파일: C:\Users\USER\BlueAI\logs\blueai_20250319_105157.log
2025-03-19 10:51:57,899 - __main__ - INFO - 시스템 초기화 중...
2025-03-19 10:51:57,899 - __main__ - INFO - 설정 관리자 초기화 중...
2025-03-19 10:51:57,900 - core.settings_manager - INFO - 설정 로드됨: C:\Users\USER\BlueAI\config\settings.json
2025-03-19 10:51:57,900 - __main__ - INFO - 플러그인 관리자 초기화 중... (디렉토리: plugins)
2025-03-19 10:51:57,900 - __main__ - INFO - 플러그인 로드 중...
2025-03-19 10:51:57,908 - core.plugin_manager - WARNING - 플러그인 클래스를 찾을 수 없음: plugins.automation.opencv_plugin
2025-03-19 10:51:58,010 - core.plugin_manager - INFO - 플러그인 클래스 로드됨: PlaywrightPlugin from plugins.automation.playwright_plugin
2025-03-19 10:51:58,364 - core.plugin_manager - INFO - 플러그인 클래스 로드됨: PyAutoGUIPlugin from plugins.automation.pyautogui_plugin
2025-03-19 10:51:58,366 - core.plugin_manager - WARNING - 플러그인 클래스를 찾을 수 없음: plugins.interruption.ad_blocker_plugin
2025-03-19 10:51:58,367 - core.plugin_manager - WARNING - 플러그인 클래스를 찾을 수 없음: plugins.interruption.cookie_handler_plugin
2025-03-19 10:51:58,368 - core.plugin_manager - INFO - 플러그인 클래스 로드됨: PopupHandlerPlugin from plugins.interruption.popup_handler_plugin
2025-03-19 10:51:58,744 - core.plugin_manager - INFO - 플러그인 클래스 로드됨: OCRPlugin from plugins.recognition.ocr_plugin
2025-03-19 10:51:58,747 - core.plugin_manager - WARNING - 플러그인 클래스를 찾을 수 없음: plugins.recognition.selector_plugin
2025-03-19 10:51:58,748 - core.plugin_manager - INFO - 플러그인 클래스 로드됨: TemplateMatchingPlugin from plugins.recognition.template_matching_plugin
2025-03-19 10:51:58,748 - core.plugin_manager - INFO - 로드된 플러그인: ['playwright', 'pyautogui', 'popup_handler', 'ocr', 'template_matching']
2025-03-19 10:51:58,749 - __main__ - INFO - 로드된 플러그인: ['playwright', 'pyautogui', 'popup_handler', 'ocr', 'template_matching']
2025-03-19 10:51:58,749 - __main__ - INFO - 플러그인 초기화 중...
2025-03-19 10:51:59,366 - plugins.automation.playwright_plugin - INFO - Playwright 초기화됨
2025-03-19 10:51:59,366 - core.plugin_manager - INFO - 플러그인 초기화 완료: playwright
2025-03-19 10:51:59,367 - plugins.automation.pyautogui_plugin - INFO - 화면 크기: 1920x1080
2025-03-19 10:51:59,367 - core.plugin_manager - INFO - 플러그인 초기화 완료: pyautogui
2025-03-19 10:51:59,368 - plugins.interruption.popup_handler_plugin - INFO - 팝업 처리기 초기화 완료: 0 패턴 로드됨
2025-03-19 10:51:59,368 - core.plugin_manager - INFO - 플러그인 초기화 완료: popup_handler
2025-03-19 10:51:59,389 - plugins.recognition.ocr_plugin - INFO - Tesseract OCR 버전: 5.5.0.20241111
2025-03-19 10:51:59,390 - core.plugin_manager - INFO - 플러그인 초기화 완료: ocr
2025-03-19 10:51:59,390 - plugins.recognition.template_matching_plugin - INFO - OpenCV 버전: 4.10.0
2025-03-19 10:51:59,390 - core.plugin_manager - INFO - 플러그인 초기화 완료: template_matching
2025-03-19 10:51:59,391 - __main__ - INFO - 플러그인 초기화 성공: playwright
2025-03-19 10:51:59,391 - __main__ - INFO - 플러그인 초기화 성공: pyautogui
2025-03-19 10:51:59,391 - __main__ - INFO - 플러그인 초기화 성공: popup_handler
2025-03-19 10:51:59,391 - __main__ - INFO - 플러그인 초기화 성공: ocr
2025-03-19 10:51:59,391 - __main__ - INFO - 플러그인 초기화 성공: template_matching
2025-03-19 10:51:59,392 - __main__ - INFO - 워크플로우 관리자 초기화 중...
2025-03-19 10:51:59,392 - __main__ - INFO - 인터럽션 핸들러 초기화 중...
2025-03-19 10:51:59,393 - core.interruption_handler - INFO - 규칙 파일이 존재하지 않음: C:\Users\USER\BlueAI\config\interruption_rules.json
2025-03-19 10:51:59,393 - __main__ - INFO - GUI 모드 시작
2025-03-19 10:51:59,791 - ui.main_window - INFO - 메인 윈도우 초기화 완료
2025-03-19 10:52:04,599 - core.workflow_manager - INFO - 체크포인트 저장됨: C:\Users\USER\BlueAI\checkpoints\ae913008-2167-474a-ae48-579e1dbdc9ac_20250319_105204.json
2025-03-19 10:52:04,822 - plugins.automation.playwright_plugin - INFO - 브라우저 시작됨: chromium (headless: False)
2025-03-19 10:52:04,825 - core.workflow_manager - INFO - 체크포인트 저장됨: C:\Users\USER\BlueAI\checkpoints\ae913008-2167-474a-ae48-579e1dbdc9ac_20250319_105204.json
2025-03-19 10:52:05,784 - core.workflow_manager - INFO - 체크포인트 저장됨: C:\Users\USER\BlueAI\checkpoints\ae913008-2167-474a-ae48-579e1dbdc9ac_20250319_105205.json
2025-03-19 10:52:05,785 - plugins.automation.playwright_plugin - INFO - goto 호출됨, 현재 페이지 ID: page_1742349125
2025-03-19 10:52:05,785 - plugins.automation.playwright_plugin - ERROR - 액션 실행 중 오류: goto - 'PlaywrightPlugin' object has no attribute 'mutex'
2025-03-19 10:52:05,785 - core.plugin_manager - ERROR - 플러그인 실행 중 오류: automation.playwright.goto - 'PlaywrightPlugin' object has no attribute 'mutex'
2025-03-19 10:52:05,787 - core.workflow_manager - INFO - 단계 재시도 중: 구글 접속 (시도 1/3)
2025-03-19 10:52:07,788 - plugins.automation.playwright_plugin - INFO - goto 호출됨, 현재 페이지 ID: page_1742349125
2025-03-19 10:52:07,788 - plugins.automation.playwright_plugin - ERROR - 액션 실행 중 오류: goto - 'PlaywrightPlugin' object has no attribute 'mutex'
2025-03-19 10:52:07,788 - core.plugin_manager - ERROR - 플러그인 실행 중 오류: automation.playwright.goto - 'PlaywrightPlugin' object has no attribute 'mutex'
2025-03-19 10:52:07,789 - core.workflow_manager - INFO - 단계 재시도 중: 구글 접속 (시도 2/3)
2025-03-19 10:52:09,789 - plugins.automation.playwright_plugin - INFO - goto 호출됨, 현재 페이지 ID: page_1742349125
2025-03-19 10:52:09,790 - plugins.automation.playwright_plugin - ERROR - 액션 실행 중 오류: goto - 'PlaywrightPlugin' object has no attribute 'mutex'
2025-03-19 10:52:09,790 - core.plugin_manager - ERROR - 플러그인 실행 중 오류: automation.playwright.goto - 'PlaywrightPlugin' object has no attribute 'mutex'
2025-03-19 10:52:09,790 - core.workflow_manager - INFO - 단계 재시도 중: 구글 접속 (시도 3/3)
2025-03-19 10:52:11,568 - core.workflow_manager - INFO - 체크포인트 저장됨: C:\Users\USER\BlueAI\checkpoints\ae913008-2167-474a-ae48-579e1dbdc9ac_20250319_105211.json
2025-03-19 10:52:11,791 - plugins.automation.playwright_plugin - INFO - goto 호출됨, 현재 페이지 ID: page_1742349125
2025-03-19 10:52:11,791 - plugins.automation.playwright_plugin - ERROR - 액션 실행 중 오류: goto - 'PlaywrightPlugin' object has no attribute 'mutex'
2025-03-19 10:52:11,791 - core.plugin_manager - ERROR - 플러그인 실행 중 오류: automation.playwright.goto - 'PlaywrightPlugin' object has no attribute 'mutex'
2025-03-19 10:52:11,793 - core.workflow_manager - INFO - 체크포인트 저장됨: C:\Users\USER\BlueAI\checkpoints\ae913008-2167-474a-ae48-579e1dbdc9ac_20250319_105211.json
2025-03-19 10:52:11,794 - core.workflow_manager - INFO - 체크포인트 저장됨: C:\Users\USER\BlueAI\checkpoints\ae913008-2167-474a-ae48-579e1dbdc9ac_20250319_105211.json
2025-03-19 10:53:46,344 - core.workflow_manager - INFO - 워크플로우 관리자 종료됨
2025-03-19 10:53:46,505 - plugins.automation.playwright_plugin - INFO - Playwright 종료됨
2025-03-19 10:53:46,505 - core.plugin_manager - INFO - 플러그인 종료됨: automation.playwright
2025-03-19 10:53:46,506 - core.plugin_manager - INFO - 플러그인 종료됨: automation.pyautogui
2025-03-19 10:53:46,507 - core.plugin_manager - INFO - 플러그인 종료됨: interruption.popup_handler
2025-03-19 10:53:46,507 - core.plugin_manager - INFO - 플러그인 종료됨: recognition.ocr
2025-03-19 10:53:46,507 - core.plugin_manager - INFO - 플러그인 종료됨: recognition.template_matching
2025-03-19 10:53:46,508 - core.settings_manager - INFO - 설정 저장됨: C:\Users\USER\BlueAI\config\settings.json
2025-03-19 10:53:46,509 - ui.main_window - INFO - 애플리케이션 종료됨
2025-03-19 10:53:46,530 - __main__ - INFO - 모든 플러그인이 종료되었습니다.
