2025-03-19 10:33:47,790 - __main__ - INFO - 로깅 시작 (레벨: INFO)
2025-03-19 10:33:47,790 - __main__ - INFO - 로그 파일: C:\Users\USER\BlueAI\logs\blueai_20250319_103347.log
2025-03-19 10:33:47,813 - __main__ - INFO - 시스템 초기화 중...
2025-03-19 10:33:47,814 - __main__ - INFO - 설정 관리자 초기화 중...
2025-03-19 10:33:47,814 - core.settings_manager - INFO - 설정 로드됨: C:\Users\USER\BlueAI\config\settings.json
2025-03-19 10:33:47,815 - __main__ - INFO - 플러그인 관리자 초기화 중... (디렉토리: plugins)
2025-03-19 10:33:47,816 - __main__ - INFO - 플러그인 로드 중...
2025-03-19 10:33:47,823 - core.plugin_manager - WARNING - 플러그인 클래스를 찾을 수 없음: plugins.automation.opencv_plugin
2025-03-19 10:33:47,948 - core.plugin_manager - INFO - 플러그인 클래스 로드됨: PlaywrightPlugin from plugins.automation.playwright_plugin
2025-03-19 10:33:48,340 - core.plugin_manager - INFO - 플러그인 클래스 로드됨: PyAutoGUIPlugin from plugins.automation.pyautogui_plugin
2025-03-19 10:33:48,342 - core.plugin_manager - WARNING - 플러그인 클래스를 찾을 수 없음: plugins.interruption.ad_blocker_plugin
2025-03-19 10:33:48,343 - core.plugin_manager - WARNING - 플러그인 클래스를 찾을 수 없음: plugins.interruption.cookie_handler_plugin
2025-03-19 10:33:48,344 - core.plugin_manager - INFO - 플러그인 클래스 로드됨: PopupHandlerPlugin from plugins.interruption.popup_handler_plugin
2025-03-19 10:33:48,735 - core.plugin_manager - INFO - 플러그인 클래스 로드됨: OCRPlugin from plugins.recognition.ocr_plugin
2025-03-19 10:33:48,737 - core.plugin_manager - WARNING - 플러그인 클래스를 찾을 수 없음: plugins.recognition.selector_plugin
2025-03-19 10:33:48,738 - core.plugin_manager - INFO - 플러그인 클래스 로드됨: TemplateMatchingPlugin from plugins.recognition.template_matching_plugin
2025-03-19 10:33:48,738 - core.plugin_manager - INFO - 로드된 플러그인: ['playwright', 'pyautogui', 'popup_handler', 'ocr', 'template_matching']
2025-03-19 10:33:48,738 - __main__ - INFO - 로드된 플러그인: ['playwright', 'pyautogui', 'popup_handler', 'ocr', 'template_matching']
2025-03-19 10:33:48,738 - __main__ - INFO - 플러그인 초기화 중...
2025-03-19 10:33:49,361 - plugins.automation.playwright_plugin - INFO - Playwright 초기화됨
2025-03-19 10:33:49,361 - core.plugin_manager - INFO - 플러그인 초기화 완료: playwright
2025-03-19 10:33:49,363 - plugins.automation.pyautogui_plugin - INFO - 화면 크기: 1920x1080
2025-03-19 10:33:49,363 - core.plugin_manager - INFO - 플러그인 초기화 완료: pyautogui
2025-03-19 10:33:49,364 - plugins.interruption.popup_handler_plugin - INFO - 팝업 처리기 초기화 완료: 0 패턴 로드됨
2025-03-19 10:33:49,365 - core.plugin_manager - INFO - 플러그인 초기화 완료: popup_handler
2025-03-19 10:33:49,387 - plugins.recognition.ocr_plugin - INFO - Tesseract OCR 버전: 5.5.0.20241111
2025-03-19 10:33:49,388 - core.plugin_manager - INFO - 플러그인 초기화 완료: ocr
2025-03-19 10:33:49,388 - plugins.recognition.template_matching_plugin - INFO - OpenCV 버전: 4.10.0
2025-03-19 10:33:49,389 - core.plugin_manager - INFO - 플러그인 초기화 완료: template_matching
2025-03-19 10:33:49,389 - __main__ - INFO - 플러그인 초기화 성공: playwright
2025-03-19 10:33:49,389 - __main__ - INFO - 플러그인 초기화 성공: pyautogui
2025-03-19 10:33:49,390 - __main__ - INFO - 플러그인 초기화 성공: popup_handler
2025-03-19 10:33:49,390 - __main__ - INFO - 플러그인 초기화 성공: ocr
2025-03-19 10:33:49,390 - __main__ - INFO - 플러그인 초기화 성공: template_matching
2025-03-19 10:33:49,390 - __main__ - INFO - 워크플로우 관리자 초기화 중...
2025-03-19 10:33:49,391 - __main__ - INFO - 인터럽션 핸들러 초기화 중...
2025-03-19 10:33:49,391 - core.interruption_handler - INFO - 규칙 파일이 존재하지 않음: C:\Users\USER\BlueAI\config\interruption_rules.json
2025-03-19 10:33:49,392 - __main__ - INFO - GUI 모드 시작
2025-03-19 10:33:49,995 - ui.main_window - INFO - 메인 윈도우 초기화 완료
2025-03-19 10:33:55,811 - core.interruption_handler - INFO - 규칙 파일이 존재하지 않음: C:\Users\USER\BlueAI\config\interruption_rules.json
2025-03-19 10:33:55,814 - core.workflow_manager - INFO - 체크포인트 저장됨: C:\Users\USER\BlueAI\checkpoints\7062bf4f-26f3-4517-a7c4-ffbffc54d5a3_20250319_103355.json
2025-03-19 10:33:56,054 - plugins.automation.playwright_plugin - INFO - 브라우저 시작됨: chromium (headless: False)
2025-03-19 10:33:56,059 - core.workflow_manager - INFO - 체크포인트 저장됨: C:\Users\USER\BlueAI\checkpoints\7062bf4f-26f3-4517-a7c4-ffbffc54d5a3_20250319_103356.json
2025-03-19 10:33:57,067 - core.workflow_manager - INFO - 체크포인트 저장됨: C:\Users\USER\BlueAI\checkpoints\7062bf4f-26f3-4517-a7c4-ffbffc54d5a3_20250319_103357.json
2025-03-19 10:33:57,067 - plugins.automation.playwright_plugin - INFO - goto 호출됨, 현재 페이지 ID: page_1742348037
2025-03-19 10:33:57,068 - plugins.automation.playwright_plugin - INFO - 사용 가능한 페이지 ID 목록: []
2025-03-19 10:33:57,068 - plugins.automation.playwright_plugin - INFO - 사용할 페이지 ID: page_1742348037
2025-03-19 10:33:57,069 - plugins.automation.playwright_plugin - INFO - 페이지 ID page_1742348037를 찾을 수 없어 새 페이지를 생성합니다
2025-03-19 10:33:58,108 - plugins.automation.playwright_plugin - INFO - 새 페이지 ID: page_1742348038
2025-03-19 10:33:58,109 - plugins.automation.playwright_plugin - ERROR - 페이지 ID 'page_1742348038'를 찾을 수 없습니다. 사용 가능한 페이지: []
2025-03-19 10:33:58,109 - plugins.automation.playwright_plugin - ERROR - 액션 실행 중 오류: goto - 페이지 ID 'page_1742348038'를 찾을 수 없습니다. 사용 가능한 페이지: []
2025-03-19 10:33:58,109 - core.plugin_manager - ERROR - 플러그인 실행 중 오류: automation.playwright.goto - 페이지 ID 'page_1742348038'를 찾을 수 없습니다. 사용 가능한 페이지: []
2025-03-19 10:33:58,110 - core.workflow_manager - INFO - 단계 재시도 중: 나라장터 사이트 접속 (시도 1/3)
2025-03-19 10:33:59,514 - core.workflow_manager - INFO - 체크포인트 저장됨: C:\Users\USER\BlueAI\checkpoints\7062bf4f-26f3-4517-a7c4-ffbffc54d5a3_20250319_103359.json
2025-03-19 10:34:00,111 - plugins.automation.playwright_plugin - INFO - goto 호출됨, 현재 페이지 ID: page_1742348038
2025-03-19 10:34:00,111 - plugins.automation.playwright_plugin - INFO - 사용 가능한 페이지 ID 목록: []
2025-03-19 10:34:00,111 - plugins.automation.playwright_plugin - INFO - 사용할 페이지 ID: page_1742348038
2025-03-19 10:34:00,111 - plugins.automation.playwright_plugin - INFO - 페이지 ID page_1742348038를 찾을 수 없어 새 페이지를 생성합니다
2025-03-19 10:34:01,066 - plugins.automation.playwright_plugin - INFO - 새 페이지 ID: page_1742348041
2025-03-19 10:34:01,066 - plugins.automation.playwright_plugin - ERROR - 페이지 ID 'page_1742348041'를 찾을 수 없습니다. 사용 가능한 페이지: []
2025-03-19 10:34:01,066 - plugins.automation.playwright_plugin - ERROR - 액션 실행 중 오류: goto - 페이지 ID 'page_1742348041'를 찾을 수 없습니다. 사용 가능한 페이지: []
2025-03-19 10:34:01,066 - core.plugin_manager - ERROR - 플러그인 실행 중 오류: automation.playwright.goto - 페이지 ID 'page_1742348041'를 찾을 수 없습니다. 사용 가능한 페이지: []
2025-03-19 10:34:01,067 - core.workflow_manager - INFO - 단계 재시도 중: 나라장터 사이트 접속 (시도 2/3)
2025-03-19 10:34:03,068 - plugins.automation.playwright_plugin - INFO - goto 호출됨, 현재 페이지 ID: page_1742348041
2025-03-19 10:34:03,068 - plugins.automation.playwright_plugin - INFO - 사용 가능한 페이지 ID 목록: []
2025-03-19 10:34:03,068 - plugins.automation.playwright_plugin - INFO - 사용할 페이지 ID: page_1742348041
2025-03-19 10:34:03,068 - plugins.automation.playwright_plugin - INFO - 페이지 ID page_1742348041를 찾을 수 없어 새 페이지를 생성합니다
2025-03-19 10:34:03,764 - core.workflow_manager - WARNING - 실행 중이 아닌 작업 흐름은 일시 중지할 수 없음: 7062bf4f-26f3-4517-a7c4-ffbffc54d5a3
2025-03-19 10:34:04,008 - plugins.automation.playwright_plugin - INFO - 새 페이지 ID: page_1742348044
2025-03-19 10:34:04,008 - plugins.automation.playwright_plugin - ERROR - 페이지 ID 'page_1742348044'를 찾을 수 없습니다. 사용 가능한 페이지: []
2025-03-19 10:34:04,008 - plugins.automation.playwright_plugin - ERROR - 액션 실행 중 오류: goto - 페이지 ID 'page_1742348044'를 찾을 수 없습니다. 사용 가능한 페이지: []
2025-03-19 10:34:04,009 - core.plugin_manager - ERROR - 플러그인 실행 중 오류: automation.playwright.goto - 페이지 ID 'page_1742348044'를 찾을 수 없습니다. 사용 가능한 페이지: []
2025-03-19 10:34:04,009 - core.workflow_manager - INFO - 단계 재시도 중: 나라장터 사이트 접속 (시도 3/3)
2025-03-19 10:34:06,009 - plugins.automation.playwright_plugin - INFO - goto 호출됨, 현재 페이지 ID: page_1742348044
2025-03-19 10:34:06,009 - plugins.automation.playwright_plugin - INFO - 사용 가능한 페이지 ID 목록: []
2025-03-19 10:34:06,010 - plugins.automation.playwright_plugin - INFO - 사용할 페이지 ID: page_1742348044
2025-03-19 10:34:06,010 - plugins.automation.playwright_plugin - INFO - 페이지 ID page_1742348044를 찾을 수 없어 새 페이지를 생성합니다
2025-03-19 10:34:06,969 - plugins.automation.playwright_plugin - INFO - 새 페이지 ID: page_1742348046
2025-03-19 10:34:06,969 - plugins.automation.playwright_plugin - ERROR - 페이지 ID 'page_1742348046'를 찾을 수 없습니다. 사용 가능한 페이지: []
2025-03-19 10:34:06,969 - plugins.automation.playwright_plugin - ERROR - 액션 실행 중 오류: goto - 페이지 ID 'page_1742348046'를 찾을 수 없습니다. 사용 가능한 페이지: []
2025-03-19 10:34:06,970 - core.plugin_manager - ERROR - 플러그인 실행 중 오류: automation.playwright.goto - 페이지 ID 'page_1742348046'를 찾을 수 없습니다. 사용 가능한 페이지: []
2025-03-19 10:34:06,972 - core.workflow_manager - INFO - 체크포인트 저장됨: C:\Users\USER\BlueAI\checkpoints\7062bf4f-26f3-4517-a7c4-ffbffc54d5a3_20250319_103406.json
2025-03-19 10:34:06,984 - core.workflow_manager - INFO - 체크포인트 저장됨: C:\Users\USER\BlueAI\checkpoints\7062bf4f-26f3-4517-a7c4-ffbffc54d5a3_20250319_103406.json
2025-03-19 10:34:50,496 - core.workflow_manager - INFO - 체크포인트 저장됨: C:\Users\USER\BlueAI\checkpoints\7062bf4f-26f3-4517-a7c4-ffbffc54d5a3_20250319_103450.json
2025-03-19 10:34:50,498 - plugins.automation.playwright_plugin - INFO - goto 호출됨, 현재 페이지 ID: page_1742348046
2025-03-19 10:34:50,498 - plugins.automation.playwright_plugin - INFO - 사용 가능한 페이지 ID 목록: []
2025-03-19 10:34:50,499 - plugins.automation.playwright_plugin - INFO - 사용할 페이지 ID: page_1742348046
2025-03-19 10:34:50,500 - plugins.automation.playwright_plugin - INFO - 페이지 ID page_1742348046를 찾을 수 없어 새 페이지를 생성합니다
2025-03-19 10:34:51,472 - plugins.automation.playwright_plugin - INFO - 새 페이지 ID: page_1742348091
2025-03-19 10:34:51,472 - plugins.automation.playwright_plugin - ERROR - 페이지 ID 'page_1742348091'를 찾을 수 없습니다. 사용 가능한 페이지: []
2025-03-19 10:34:51,472 - plugins.automation.playwright_plugin - ERROR - 액션 실행 중 오류: goto - 페이지 ID 'page_1742348091'를 찾을 수 없습니다. 사용 가능한 페이지: []
2025-03-19 10:34:51,472 - core.plugin_manager - ERROR - 플러그인 실행 중 오류: automation.playwright.goto - 페이지 ID 'page_1742348091'를 찾을 수 없습니다. 사용 가능한 페이지: []
2025-03-19 10:34:51,472 - core.workflow_manager - INFO - 단계 재시도 중: 나라장터 사이트 접속 (시도 1/3)
2025-03-19 10:34:52,485 - core.workflow_manager - INFO - 체크포인트 저장됨: C:\Users\USER\BlueAI\checkpoints\7062bf4f-26f3-4517-a7c4-ffbffc54d5a3_20250319_103452.json
2025-03-19 10:34:53,474 - plugins.automation.playwright_plugin - INFO - goto 호출됨, 현재 페이지 ID: page_1742348091
2025-03-19 10:34:53,474 - plugins.automation.playwright_plugin - INFO - 사용 가능한 페이지 ID 목록: []
2025-03-19 10:34:53,474 - plugins.automation.playwright_plugin - INFO - 사용할 페이지 ID: page_1742348091
2025-03-19 10:34:53,474 - plugins.automation.playwright_plugin - INFO - 페이지 ID page_1742348091를 찾을 수 없어 새 페이지를 생성합니다
2025-03-19 10:34:54,454 - plugins.automation.playwright_plugin - INFO - 새 페이지 ID: page_1742348094
2025-03-19 10:34:54,454 - plugins.automation.playwright_plugin - ERROR - 페이지 ID 'page_1742348094'를 찾을 수 없습니다. 사용 가능한 페이지: []
2025-03-19 10:34:54,454 - plugins.automation.playwright_plugin - ERROR - 액션 실행 중 오류: goto - 페이지 ID 'page_1742348094'를 찾을 수 없습니다. 사용 가능한 페이지: []
2025-03-19 10:34:54,454 - core.plugin_manager - ERROR - 플러그인 실행 중 오류: automation.playwright.goto - 페이지 ID 'page_1742348094'를 찾을 수 없습니다. 사용 가능한 페이지: []
2025-03-19 10:34:54,454 - core.workflow_manager - INFO - 단계 재시도 중: 나라장터 사이트 접속 (시도 2/3)
2025-03-19 10:34:56,458 - plugins.automation.playwright_plugin - INFO - goto 호출됨, 현재 페이지 ID: page_1742348094
2025-03-19 10:34:56,458 - plugins.automation.playwright_plugin - INFO - 사용 가능한 페이지 ID 목록: []
2025-03-19 10:34:56,459 - plugins.automation.playwright_plugin - INFO - 사용할 페이지 ID: page_1742348094
2025-03-19 10:34:56,459 - plugins.automation.playwright_plugin - INFO - 페이지 ID page_1742348094를 찾을 수 없어 새 페이지를 생성합니다
2025-03-19 10:34:56,528 - core.workflow_manager - INFO - 체크포인트 저장됨: C:\Users\USER\BlueAI\checkpoints\7062bf4f-26f3-4517-a7c4-ffbffc54d5a3_20250319_103456.json
2025-03-19 10:34:57,417 - plugins.automation.playwright_plugin - INFO - 새 페이지 ID: page_1742348097
2025-03-19 10:34:57,417 - plugins.automation.playwright_plugin - ERROR - 페이지 ID 'page_1742348097'를 찾을 수 없습니다. 사용 가능한 페이지: []
2025-03-19 10:34:57,417 - plugins.automation.playwright_plugin - ERROR - 액션 실행 중 오류: goto - 페이지 ID 'page_1742348097'를 찾을 수 없습니다. 사용 가능한 페이지: []
2025-03-19 10:34:57,418 - core.plugin_manager - ERROR - 플러그인 실행 중 오류: automation.playwright.goto - 페이지 ID 'page_1742348097'를 찾을 수 없습니다. 사용 가능한 페이지: []
2025-03-19 10:34:57,418 - core.workflow_manager - INFO - 단계 재시도 중: 나라장터 사이트 접속 (시도 3/3)
2025-03-19 10:34:59,420 - plugins.automation.playwright_plugin - INFO - goto 호출됨, 현재 페이지 ID: page_1742348097
2025-03-19 10:34:59,420 - plugins.automation.playwright_plugin - INFO - 사용 가능한 페이지 ID 목록: []
2025-03-19 10:34:59,420 - plugins.automation.playwright_plugin - INFO - 사용할 페이지 ID: page_1742348097
2025-03-19 10:34:59,420 - plugins.automation.playwright_plugin - INFO - 페이지 ID page_1742348097를 찾을 수 없어 새 페이지를 생성합니다
2025-03-19 10:35:00,525 - plugins.automation.playwright_plugin - INFO - 새 페이지 ID: page_1742348100
2025-03-19 10:35:00,525 - plugins.automation.playwright_plugin - ERROR - 페이지 ID 'page_1742348100'를 찾을 수 없습니다. 사용 가능한 페이지: []
2025-03-19 10:35:00,525 - plugins.automation.playwright_plugin - ERROR - 액션 실행 중 오류: goto - 페이지 ID 'page_1742348100'를 찾을 수 없습니다. 사용 가능한 페이지: []
2025-03-19 10:35:00,528 - core.plugin_manager - ERROR - 플러그인 실행 중 오류: automation.playwright.goto - 페이지 ID 'page_1742348100'를 찾을 수 없습니다. 사용 가능한 페이지: []
2025-03-19 10:35:00,531 - core.workflow_manager - INFO - 체크포인트 저장됨: C:\Users\USER\BlueAI\checkpoints\7062bf4f-26f3-4517-a7c4-ffbffc54d5a3_20250319_103500.json
2025-03-19 10:35:00,539 - core.workflow_manager - INFO - 체크포인트 저장됨: C:\Users\USER\BlueAI\checkpoints\7062bf4f-26f3-4517-a7c4-ffbffc54d5a3_20250319_103500.json
2025-03-19 10:36:48,199 - core.workflow_manager - INFO - 워크플로우 관리자 종료됨
2025-03-19 10:36:48,366 - plugins.automation.playwright_plugin - INFO - Playwright 종료됨
2025-03-19 10:36:48,374 - core.plugin_manager - INFO - 플러그인 종료됨: automation.playwright
2025-03-19 10:36:48,374 - core.plugin_manager - INFO - 플러그인 종료됨: automation.pyautogui
2025-03-19 10:36:48,374 - core.plugin_manager - INFO - 플러그인 종료됨: interruption.popup_handler
2025-03-19 10:36:48,374 - core.plugin_manager - INFO - 플러그인 종료됨: recognition.ocr
2025-03-19 10:36:48,374 - core.plugin_manager - INFO - 플러그인 종료됨: recognition.template_matching
2025-03-19 10:36:48,374 - core.settings_manager - INFO - 설정 저장됨: C:\Users\USER\BlueAI\config\settings.json
2025-03-19 10:36:48,374 - ui.main_window - INFO - 애플리케이션 종료됨
2025-03-19 10:36:48,392 - __main__ - INFO - 모든 플러그인이 종료되었습니다.
