2025-03-19 10:47:44,820 - __main__ - INFO - 로깅 시작 (레벨: INFO)
2025-03-19 10:47:44,821 - __main__ - INFO - 로그 파일: C:\Users\USER\BlueAI\logs\blueai_20250319_104744.log
2025-03-19 10:47:44,842 - __main__ - INFO - 시스템 초기화 중...
2025-03-19 10:47:44,843 - __main__ - INFO - 설정 관리자 초기화 중...
2025-03-19 10:47:44,844 - core.settings_manager - INFO - 설정 로드됨: C:\Users\USER\BlueAI\config\settings.json
2025-03-19 10:47:44,844 - __main__ - INFO - 플러그인 관리자 초기화 중... (디렉토리: plugins)
2025-03-19 10:47:44,845 - __main__ - INFO - 플러그인 로드 중...
2025-03-19 10:47:44,848 - core.plugin_manager - WARNING - 플러그인 클래스를 찾을 수 없음: plugins.automation.opencv_plugin
2025-03-19 10:47:44,856 - core.plugin_manager - ERROR - 플러그인 로드 중 오류: plugins.automation.playwright_plugin - unexpected indent (playwright_plugin.py, line 501)
2025-03-19 10:47:45,249 - core.plugin_manager - INFO - 플러그인 클래스 로드됨: PyAutoGUIPlugin from plugins.automation.pyautogui_plugin
2025-03-19 10:47:45,251 - core.plugin_manager - WARNING - 플러그인 클래스를 찾을 수 없음: plugins.interruption.ad_blocker_plugin
2025-03-19 10:47:45,252 - core.plugin_manager - WARNING - 플러그인 클래스를 찾을 수 없음: plugins.interruption.cookie_handler_plugin
2025-03-19 10:47:45,253 - core.plugin_manager - INFO - 플러그인 클래스 로드됨: PopupHandlerPlugin from plugins.interruption.popup_handler_plugin
2025-03-19 10:47:45,640 - core.plugin_manager - INFO - 플러그인 클래스 로드됨: OCRPlugin from plugins.recognition.ocr_plugin
2025-03-19 10:47:45,641 - core.plugin_manager - WARNING - 플러그인 클래스를 찾을 수 없음: plugins.recognition.selector_plugin
2025-03-19 10:47:45,642 - core.plugin_manager - INFO - 플러그인 클래스 로드됨: TemplateMatchingPlugin from plugins.recognition.template_matching_plugin
2025-03-19 10:47:45,642 - core.plugin_manager - INFO - 로드된 플러그인: ['pyautogui', 'popup_handler', 'ocr', 'template_matching']
2025-03-19 10:47:45,643 - __main__ - INFO - 로드된 플러그인: ['pyautogui', 'popup_handler', 'ocr', 'template_matching']
2025-03-19 10:47:45,643 - __main__ - INFO - 플러그인 초기화 중...
2025-03-19 10:47:45,644 - plugins.automation.pyautogui_plugin - INFO - 화면 크기: 1920x1080
2025-03-19 10:47:45,644 - core.plugin_manager - INFO - 플러그인 초기화 완료: pyautogui
2025-03-19 10:47:45,645 - plugins.interruption.popup_handler_plugin - INFO - 팝업 처리기 초기화 완료: 0 패턴 로드됨
2025-03-19 10:47:45,645 - core.plugin_manager - INFO - 플러그인 초기화 완료: popup_handler
2025-03-19 10:47:45,676 - plugins.recognition.ocr_plugin - INFO - Tesseract OCR 버전: 5.5.0.20241111
2025-03-19 10:47:45,677 - core.plugin_manager - INFO - 플러그인 초기화 완료: ocr
2025-03-19 10:47:45,677 - plugins.recognition.template_matching_plugin - INFO - OpenCV 버전: 4.10.0
2025-03-19 10:47:45,677 - core.plugin_manager - INFO - 플러그인 초기화 완료: template_matching
2025-03-19 10:47:45,678 - __main__ - INFO - 플러그인 초기화 성공: pyautogui
2025-03-19 10:47:45,678 - __main__ - INFO - 플러그인 초기화 성공: popup_handler
2025-03-19 10:47:45,678 - __main__ - INFO - 플러그인 초기화 성공: ocr
2025-03-19 10:47:45,678 - __main__ - INFO - 플러그인 초기화 성공: template_matching
2025-03-19 10:47:45,678 - __main__ - INFO - 워크플로우 관리자 초기화 중...
2025-03-19 10:47:45,679 - __main__ - INFO - 인터럽션 핸들러 초기화 중...
2025-03-19 10:47:45,679 - core.interruption_handler - INFO - 규칙 파일이 존재하지 않음: C:\Users\USER\BlueAI\config\interruption_rules.json
2025-03-19 10:47:45,680 - __main__ - INFO - GUI 모드 시작
2025-03-19 10:47:46,128 - ui.main_window - INFO - 메인 윈도우 초기화 완료
2025-03-19 10:47:50,791 - core.interruption_handler - INFO - 규칙 파일이 존재하지 않음: C:\Users\USER\BlueAI\config\interruption_rules.json
2025-03-19 10:47:50,795 - core.workflow_manager - INFO - 체크포인트 저장됨: C:\Users\USER\BlueAI\checkpoints\16679e69-4c6f-441a-b729-5fe9a6329114_20250319_104750.json
2025-03-19 10:47:50,795 - core.plugin_manager - ERROR - 플러그인을 찾을 수 없음: automation.playwright
2025-03-19 10:47:50,796 - core.workflow_manager - INFO - 단계 재시도 중: 브라우저 시작 (시도 1/3)
2025-03-19 10:47:52,796 - core.plugin_manager - ERROR - 플러그인을 찾을 수 없음: automation.playwright
2025-03-19 10:47:52,797 - core.workflow_manager - INFO - 단계 재시도 중: 브라우저 시작 (시도 2/3)
2025-03-19 10:47:54,798 - core.plugin_manager - ERROR - 플러그인을 찾을 수 없음: automation.playwright
2025-03-19 10:47:54,798 - core.workflow_manager - INFO - 단계 재시도 중: 브라우저 시작 (시도 3/3)
2025-03-19 10:47:56,800 - core.plugin_manager - ERROR - 플러그인을 찾을 수 없음: automation.playwright
2025-03-19 10:47:56,802 - core.workflow_manager - INFO - 체크포인트 저장됨: C:\Users\USER\BlueAI\checkpoints\16679e69-4c6f-441a-b729-5fe9a6329114_20250319_104756.json
2025-03-19 10:47:56,803 - core.plugin_manager - ERROR - 플러그인을 찾을 수 없음: automation.playwright
2025-03-19 10:47:56,803 - core.workflow_manager - INFO - 단계 재시도 중: 브라우저 시작 (시도 1/3)
2025-03-19 10:47:57,336 - core.workflow_manager - INFO - 체크포인트 저장됨: C:\Users\USER\BlueAI\checkpoints\16679e69-4c6f-441a-b729-5fe9a6329114_20250319_104757.json
2025-03-19 10:47:57,336 - core.workflow_manager - INFO - 워크플로우 관리자 종료됨
2025-03-19 10:47:57,336 - core.plugin_manager - INFO - 플러그인 종료됨: automation.pyautogui
2025-03-19 10:47:57,337 - core.plugin_manager - INFO - 플러그인 종료됨: interruption.popup_handler
2025-03-19 10:47:57,337 - core.plugin_manager - INFO - 플러그인 종료됨: recognition.ocr
2025-03-19 10:47:57,337 - core.plugin_manager - INFO - 플러그인 종료됨: recognition.template_matching
2025-03-19 10:47:57,338 - core.settings_manager - INFO - 설정 저장됨: C:\Users\USER\BlueAI\config\settings.json
2025-03-19 10:47:57,338 - ui.main_window - INFO - 애플리케이션 종료됨
